# JRE version: OpenJDK Runtime Environment (11.0.18+10) (build 11.0.18+10-post-Debian-1deb10u1)
# Java VM: OpenJDK 64-Bit Server VM (11.0.18+10-post-Debian-1deb10u1, mixed mode, sharing, tiered, compressed oops, serial gc, linux-amd64)
Heap:
 def new generation   total 4992K, used 4976K [0x00000000f0800000, 0x00000000f0d60000, 0x00000000f5aa0000)
  eden space 4480K,  99% used [0x00000000f0800000, 0x00000000f0c5c2e0, 0x00000000f0c60000)
  from space 512K, 100% used [0x00000000f0ce0000, 0x00000000f0d60000, 0x00000000f0d60000)
  to   space 512K,  99% used [0x00000000f0c60000, 0x00000000f0cdfff0, 0x00000000f0ce0000)
 tenured generation   total 11520K, used 11519K [0x00000000f5aa0000, 0x00000000f65e0000, 0x0000000100000000)
   the space 11520K,  99% used [0x00000000f5aa0000, 0x00000000f65dfff8, 0x00000000f65e0000, 0x00000000f65e0000)
 Metaspace       used 5865K, capacity 7051K, committed 7424K, reserved 1056768K
  class space    used 509K, capacity 706K, committed 768K, reserved 1048576K
GC Heap History (20 events):
Event: 54013.230 GC heap after
{Heap after GC invocations=2248 (full 341):
 def new generation   total 4992K, used 512K [0x00000000f0800000, 0x00000000f0d60000, 0x00000000f5aa0000)
  eden space 4480K,   0% used [0x00000000f0800000, 0x00000000f0800000, 0x00000000f0c60000)
  from space 512K, 100% used [0x00000000f0c60000, 0x00000000f0ce0000, 0x00000000f0ce0000)
  to   space 512K,   0% used [0x00000000f0ce0000, 0x00000000f0ce0000, 0x00000000f0d60000)
 tenured generation   total 10944K, used 5118K [0x00000000f5aa0000, 0x00000000f6550000, 0x0000000100000000)
   the space 10944K,  46% used [0x00000000f5aa0000, 0x00000000f5f9f8d0, 0x00000000f5f9fa00, 0x00000000f6550000)
 Metaspace       used 5865K, capacity 7051K, committed 7424K, reserved 1056768K
  class space    used 509K, capacity 706K, committed 768K, reserved 1048576K
}
Event: 54014.543 GC heap before
{Heap before GC invocations=2248 (full 341):
 def new generation   total 4992K, used 4992K [0x00000000f0800000, 0x00000000f0d60000, 0x00000000f5aa0000)
  eden space 4480K, 100% used [0x00000000f0800000, 0x00000000f0c60000, 0x00000000f0c60000)
  from space 512K, 100% used [0x00000000f0c60000, 0x00000000f0ce0000, 0x00000000f0ce0000)
  to   space 512K,   0% used [0x00000000f0ce0000, 0x00000000f0ce0000, 0x00000000f0d60000)
 tenured generation   total 10944K, used 5118K [0x00000000f5aa0000, 0x00000000f6550000, 0x0000000100000000)
   the space 10944K,  46% used [0x00000000f5aa0000, 0x00000000f5f9f8d0, 0x00000000f5f9fa00, 0x00000000f6550000)
 Metaspace       used 5865K, capacity 7051K, committed 7424K, reserved 1056768K
  class space    used 509K, capacity 706K, committed 768K, reserved 1048576K
}
Event: 54014.548 GC heap after
{Heap after GC invocations=2249 (full 341):
 def new generation   total 4992K, used 512K [0x00000000f0800000, 0x00000000f0d60000, 0x00000000f5aa0000)
  eden space 4480K,   0% used [0x00000000f0800000, 0x00000000f0800000, 0x00000000f0c60000)
  from space 512K, 100% used [0x00000000f0ce0000, 0x00000000f0d60000, 0x00000000f0d60000)
  to   space 512K,   0% used [0x00000000f0c60000, 0x00000000f0c60000, 0x00000000f0ce0000)
 tenured generation   total 10944K, used 6794K [0x00000000f5aa0000, 0x00000000f6550000, 0x0000000100000000)
   the space 10944K,  62% used [0x00000000f5aa0000, 0x00000000f6142970, 0x00000000f6142a00, 0x00000000f6550000)
 Metaspace       used 5865K, capacity 7051K, committed 7424K, reserved 1056768K
  class space    used 509K, capacity 706K, committed 768K, reserved 1048576K
}
Event: 54015.259 GC heap before
{Heap before GC invocations=2249 (full 341):
 def new generation   total 4992K, used 4992K [0x00000000f0800000, 0x00000000f0d60000, 0x00000000f5aa0000)
  eden space 4480K, 100% used [0x00000000f0800000, 0x00000000f0c60000, 0x00000000f0c60000)
  from space 512K, 100% used [0x00000000f0ce0000, 0x00000000f0d60000, 0x00000000f0d60000)
  to   space 512K,   0% used [0x00000000f0c60000, 0x00000000f0c60000, 0x00000000f0ce0000)
 tenured generation   total 10944K, used 6794K [0x00000000f5aa0000, 0x00000000f6550000, 0x0000000100000000)
   the space 10944K,  62% used [0x00000000f5aa0000, 0x00000000f6142970, 0x00000000f6142a00, 0x00000000f6550000)
 Metaspace       used 5865K, capacity 7051K, committed 7424K, reserved 1056768K
  class space    used 509K, capacity 706K, committed 768K, reserved 1048576K
}
Event: 54015.261 GC heap after
{Heap after GC invocations=2250 (full 341):
 def new generation   total 4992K, used 511K [0x00000000f0800000, 0x00000000f0d60000, 0x00000000f5aa0000)
  eden space 4480K,   0% used [0x00000000f0800000, 0x00000000f0800000, 0x00000000f0c60000)
  from space 512K,  99% used [0x00000000f0c60000, 0x00000000f0cdfff8, 0x00000000f0ce0000)
  to   space 512K,   0% used [0x00000000f0ce0000, 0x00000000f0ce0000, 0x00000000f0d60000)
 tenured generation   total 10944K, used 7858K [0x00000000f5aa0000, 0x00000000f6550000, 0x0000000100000000)
   the space 10944K,  71% used [0x00000000f5aa0000, 0x00000000f624ca40, 0x00000000f624cc00, 0x00000000f6550000)
 Metaspace       used 5865K, capacity 7051K, committed 7424K, reserved 1056768K
  class space    used 509K, capacity 706K, committed 768K, reserved 1048576K
}
Event: 54019.277 GC heap before
{Heap before GC invocations=2250 (full 341):
 def new generation   total 4992K, used 4991K [0x00000000f0800000, 0x00000000f0d60000, 0x00000000f5aa0000)
  eden space 4480K, 100% used [0x00000000f0800000, 0x00000000f0c60000, 0x00000000f0c60000)
  from space 512K,  99% used [0x00000000f0c60000, 0x00000000f0cdfff8, 0x00000000f0ce0000)
  to   space 512K,   0% used [0x00000000f0ce0000, 0x00000000f0ce0000, 0x00000000f0d60000)
 tenured generation   total 10944K, used 7858K [0x00000000f5aa0000, 0x00000000f6550000, 0x0000000100000000)
   the space 10944K,  71% used [0x00000000f5aa0000, 0x00000000f624ca40, 0x00000000f624cc00, 0x00000000f6550000)
 Metaspace       used 5865K, capacity 7051K, committed 7424K, reserved 1056768K
  class space    used 509K, capacity 706K, committed 768K, reserved 1048576K
}
Event: 54019.280 GC heap after
{Heap after GC invocations=2251 (full 341):
 def new generation   total 4992K, used 511K [0x00000000f0800000, 0x00000000f0d60000, 0x00000000f5aa0000)
  eden space 4480K,   0% used [0x00000000f0800000, 0x00000000f0800000, 0x00000000f0c60000)
  from space 512K,  99% used [0x00000000f0ce0000, 0x00000000f0d5fff8, 0x00000000f0d60000)
  to   space 512K,   0% used [0x00000000f0c60000, 0x00000000f0c60000, 0x00000000f0ce0000)
 tenured generation   total 10944K, used 9329K [0x00000000f5aa0000, 0x00000000f6550000, 0x0000000100000000)
   the space 10944K,  85% used [0x00000000f5aa0000, 0x00000000f63bc640, 0x00000000f63bc800, 0x00000000f6550000)
 Metaspace       used 5865K, capacity 7051K, committed 7424K, reserved 1056768K
  class space    used 509K, capacity 706K, committed 768K, reserved 1048576K
}
Event: 54020.204 GC heap before
{Heap before GC invocations=2251 (full 341):
 def new generation   total 4992K, used 4991K [0x00000000f0800000, 0x00000000f0d60000, 0x00000000f5aa0000)
  eden space 4480K, 100% used [0x00000000f0800000, 0x00000000f0c60000, 0x00000000f0c60000)
  from space 512K,  99% used [0x00000000f0ce0000, 0x00000000f0d5fff8, 0x00000000f0d60000)
  to   space 512K,   0% used [0x00000000f0c60000, 0x00000000f0c60000, 0x00000000f0ce0000)
 tenured generation   total 10944K, used 9329K [0x00000000f5aa0000, 0x00000000f6550000, 0x0000000100000000)
   the space 10944K,  85% used [0x00000000f5aa0000, 0x00000000f63bc640, 0x00000000f63bc800, 0x00000000f6550000)
 Metaspace       used 5865K, capacity 7051K, committed 7424K, reserved 1056768K
  class space    used 509K, capacity 706K, committed 768K, reserved 1048576K
}
Event: 54020.208 GC heap after
{Heap after GC invocations=2252 (full 341):
 def new generation   total 4992K, used 512K [0x00000000f0800000, 0x00000000f0d60000, 0x00000000f5aa0000)
  eden space 4480K,   0% used [0x00000000f0800000, 0x00000000f0800000, 0x00000000f0c60000)
  from space 512K, 100% used [0x00000000f0c60000, 0x00000000f0ce0000, 0x00000000f0ce0000)
  to   space 512K,   0% used [0x00000000f0ce0000, 0x00000000f0ce0000, 0x00000000f0d60000)
 tenured generation   total 10944K, used 10728K [0x00000000f5aa0000, 0x00000000f6550000, 0x0000000100000000)
   the space 10944K,  98% used [0x00000000f5aa0000, 0x00000000f651a1b0, 0x00000000f651a200, 0x00000000f6550000)
 Metaspace       used 5865K, capacity 7051K, committed 7424K, reserved 1056768K
  class space    used 509K, capacity 706K, committed 768K, reserved 1048576K
}
Event: 54023.257 GC heap before
{Heap before GC invocations=2252 (full 341):
 def new generation   total 4992K, used 4992K [0x00000000f0800000, 0x00000000f0d60000, 0x00000000f5aa0000)
  eden space 4480K, 100% used [0x00000000f0800000, 0x00000000f0c60000, 0x00000000f0c60000)
  from space 512K, 100% used [0x00000000f0c60000, 0x00000000f0ce0000, 0x00000000f0ce0000)
  to   space 512K,   0% used [0x00000000f0ce0000, 0x00000000f0ce0000, 0x00000000f0d60000)
 tenured generation   total 10944K, used 10728K [0x00000000f5aa0000, 0x00000000f6550000, 0x0000000100000000)
   the space 10944K,  98% used [0x00000000f5aa0000, 0x00000000f651a1b0, 0x00000000f651a200, 0x00000000f6550000)
 Metaspace       used 5865K, capacity 7051K, committed 7424K, reserved 1056768K
  class space    used 509K, capacity 706K, committed 768K, reserved 1048576K
}
Event: 54023.290 GC heap after
{Heap after GC invocations=2253 (full 342):
 def new generation   total 4992K, used 0K [0x00000000f0800000, 0x00000000f0d60000, 0x00000000f5aa0000)
  eden space 4480K,   0% used [0x00000000f0800000, 0x00000000f0800000, 0x00000000f0c60000)
  from space 512K,   0% used [0x00000000f0ce0000, 0x00000000f0ce0000, 0x00000000f0d60000)
  to   space 512K,   0% used [0x00000000f0c60000, 0x00000000f0c60000, 0x00000000f0ce0000)
 tenured generation   total 10944K, used 5640K [0x00000000f5aa0000, 0x00000000f6550000, 0x0000000100000000)
   the space 10944K,  51% used [0x00000000f5aa0000, 0x00000000f6022260, 0x00000000f6022400, 0x00000000f6550000)
 Metaspace       used 5865K, capacity 7051K, committed 7424K, reserved 1056768K
  class space    used 509K, capacity 706K, committed 768K, reserved 1048576K
}
Event: 54024.925 GC heap before
{Heap before GC invocations=2253 (full 342):
 def new generation   total 4992K, used 4413K [0x00000000f0800000, 0x00000000f0d60000, 0x00000000f5aa0000)
  eden space 4480K,  98% used [0x00000000f0800000, 0x00000000f0c4f548, 0x00000000f0c60000)
  from space 512K,   0% used [0x00000000f0ce0000, 0x00000000f0ce0000, 0x00000000f0d60000)
  to   space 512K,   0% used [0x00000000f0c60000, 0x00000000f0c60000, 0x00000000f0ce0000)
 tenured generation   total 10944K, used 5640K [0x00000000f5aa0000, 0x00000000f6550000, 0x0000000100000000)
   the space 10944K,  51% used [0x00000000f5aa0000, 0x00000000f6022260, 0x00000000f6022400, 0x00000000f6550000)
 Metaspace       used 5865K, capacity 7051K, committed 7424K, reserved 1056768K
  class space    used 509K, capacity 706K, committed 768K, reserved 1048576K
}
Event: 54024.928 GC heap after
{Heap after GC invocations=2254 (full 342):
 def new generation   total 4992K, used 512K [0x00000000f0800000, 0x00000000f0d60000, 0x00000000f5aa0000)
  eden space 4480K,   0% used [0x00000000f0800000, 0x00000000f0800000, 0x00000000f0c60000)
  from space 512K, 100% used [0x00000000f0c60000, 0x00000000f0ce0000, 0x00000000f0ce0000)
  to   space 512K,   0% used [0x00000000f0ce0000, 0x00000000f0ce0000, 0x00000000f0d60000)
 tenured generation   total 10944K, used 6524K [0x00000000f5aa0000, 0x00000000f6550000, 0x0000000100000000)
   the space 10944K,  59% used [0x00000000f5aa0000, 0x00000000f60ff0f8, 0x00000000f60ff200, 0x00000000f6550000)
 Metaspace       used 5865K, capacity 7051K, committed 7424K, reserved 1056768K
  class space    used 509K, capacity 706K, committed 768K, reserved 1048576K
}
Event: 54027.300 GC heap before
{Heap before GC invocations=2254 (full 342):
 def new generation   total 4992K, used 4992K [0x00000000f0800000, 0x00000000f0d60000, 0x00000000f5aa0000)
  eden space 4480K, 100% used [0x00000000f0800000, 0x00000000f0c60000, 0x00000000f0c60000)
  from space 512K, 100% used [0x00000000f0c60000, 0x00000000f0ce0000, 0x00000000f0ce0000)
  to   space 512K,   0% used [0x00000000f0ce0000, 0x00000000f0ce0000, 0x00000000f0d60000)
 tenured generation   total 10944K, used 6524K [0x00000000f5aa0000, 0x00000000f6550000, 0x0000000100000000)
   the space 10944K,  59% used [0x00000000f5aa0000, 0x00000000f60ff0f8, 0x00000000f60ff200, 0x00000000f6550000)
 Metaspace       used 5865K, capacity 7051K, committed 7424K, reserved 1056768K
  class space    used 509K, capacity 706K, committed 768K, reserved 1048576K
}
Event: 54027.304 GC heap after
{Heap after GC invocations=2255 (full 342):
 def new generation   total 4992K, used 511K [0x00000000f0800000, 0x00000000f0d60000, 0x00000000f5aa0000)
  eden space 4480K,   0% used [0x00000000f0800000, 0x00000000f0800000, 0x00000000f0c60000)
  from space 512K,  99% used [0x00000000f0ce0000, 0x00000000f0d5fff8, 0x00000000f0d60000)
  to   space 512K,   0% used [0x00000000f0c60000, 0x00000000f0c60000, 0x00000000f0ce0000)
 tenured generation   total 10944K, used 8100K [0x00000000f5aa0000, 0x00000000f6550000, 0x0000000100000000)
   the space 10944K,  74% used [0x00000000f5aa0000, 0x00000000f6289008, 0x00000000f6289200, 0x00000000f6550000)
 Metaspace       used 5865K, capacity 7051K, committed 7424K, reserved 1056768K
  class space    used 509K, capacity 706K, committed 768K, reserved 1048576K
}
Event: 54030.427 GC heap before
{Heap before GC invocations=2255 (full 342):
 def new generation   total 4992K, used 4991K [0x00000000f0800000, 0x00000000f0d60000, 0x00000000f5aa0000)
  eden space 4480K, 100% used [0x00000000f0800000, 0x00000000f0c60000, 0x00000000f0c60000)
  from space 512K,  99% used [0x00000000f0ce0000, 0x00000000f0d5fff8, 0x00000000f0d60000)
  to   space 512K,   0% used [0x00000000f0c60000, 0x00000000f0c60000, 0x00000000f0ce0000)
 tenured generation   total 10944K, used 8100K [0x00000000f5aa0000, 0x00000000f6550000, 0x0000000100000000)
   the space 10944K,  74% used [0x00000000f5aa0000, 0x00000000f6289008, 0x00000000f6289200, 0x00000000f6550000)
 Metaspace       used 5865K, capacity 7051K, committed 7424K, reserved 1056768K
  class space    used 509K, capacity 706K, committed 768K, reserved 1048576K
}
Event: 54030.430 GC heap after
{Heap after GC invocations=2256 (full 342):
 def new generation   total 4992K, used 512K [0x00000000f0800000, 0x00000000f0d60000, 0x00000000f5aa0000)
  eden space 4480K,   0% used [0x00000000f0800000, 0x00000000f0800000, 0x00000000f0c60000)
  from space 512K, 100% used [0x00000000f0c60000, 0x00000000f0ce0000, 0x00000000f0ce0000)
  to   space 512K,   0% used [0x00000000f0ce0000, 0x00000000f0ce0000, 0x00000000f0d60000)
 tenured generation   total 10944K, used 9394K [0x00000000f5aa0000, 0x00000000f6550000, 0x0000000100000000)
   the space 10944K,  85% used [0x00000000f5aa0000, 0x00000000f63cc940, 0x00000000f63cca00, 0x00000000f6550000)
 Metaspace       used 5865K, capacity 7051K, committed 7424K, reserved 1056768K
  class space    used 509K, capacity 706K, committed 768K, reserved 1048576K
}
Event: 54032.164 GC heap before
{Heap before GC invocations=2256 (full 342):
 def new generation   total 4992K, used 4985K [0x00000000f0800000, 0x00000000f0d60000, 0x00000000f5aa0000)
  eden space 4480K,  99% used [0x00000000f0800000, 0x00000000f0c5e680, 0x00000000f0c60000)
  from space 512K, 100% used [0x00000000f0c60000, 0x00000000f0ce0000, 0x00000000f0ce0000)
  to   space 512K,   0% used [0x00000000f0ce0000, 0x00000000f0ce0000, 0x00000000f0d60000)
 tenured generation   total 10944K, used 9394K [0x00000000f5aa0000, 0x00000000f6550000, 0x0000000100000000)
   the space 10944K,  85% used [0x00000000f5aa0000, 0x00000000f63cc940, 0x00000000f63cca00, 0x00000000f6550000)
 Metaspace       used 5865K, capacity 7051K, committed 7424K, reserved 1056768K
  class space    used 509K, capacity 706K, committed 768K, reserved 1048576K
}
Event: 54032.167 GC heap after
{Heap after GC invocations=2257 (full 342):
 def new generation   total 4992K, used 512K [0x00000000f0800000, 0x00000000f0d60000, 0x00000000f5aa0000)
  eden space 4480K,   0% used [0x00000000f0800000, 0x00000000f0800000, 0x00000000f0c60000)
  from space 512K, 100% used [0x00000000f0ce0000, 0x00000000f0d60000, 0x00000000f0d60000)
  to   space 512K,   0% used [0x00000000f0c60000, 0x00000000f0c60000, 0x00000000f0ce0000)
 tenured generation   total 10944K, used 10849K [0x00000000f5aa0000, 0x00000000f6550000, 0x0000000100000000)
   the space 10944K,  99% used [0x00000000f5aa0000, 0x00000000f6538690, 0x00000000f6538800, 0x00000000f6550000)
 Metaspace       used 5865K, capacity 7051K, committed 7424K, reserved 1056768K
  class space    used 509K, capacity 706K, committed 768K, reserved 1048576K
}
Event: 54044.563 GC heap before
{Heap before GC invocations=2257 (full 342):
 def new generation   total 4992K, used 4976K [0x00000000f0800000, 0x00000000f0d60000, 0x00000000f5aa0000)
  eden space 4480K,  99% used [0x00000000f0800000, 0x00000000f0c5c2e0, 0x00000000f0c60000)
  from space 512K, 100% used [0x00000000f0ce0000, 0x00000000f0d60000, 0x00000000f0d60000)
  to   space 512K,   0% used [0x00000000f0c60000, 0x00000000f0c60000, 0x00000000f0ce0000)
 tenured generation   total 10944K, used 10849K [0x00000000f5aa0000, 0x00000000f6550000, 0x0000000100000000)
   the space 10944K,  99% used [0x00000000f5aa0000, 0x00000000f6538690, 0x00000000f6538800, 0x00000000f6550000)
 Metaspace       used 5865K, capacity 7051K, committed 7424K, reserved 1056768K
  class space    used 509K, capacity 706K, committed 768K, reserved 1048576K
}

